# JRE version: Java(TM) SE Runtime Environment (8.0_45-b15) (build 1.8.0_45-b15)
# Java VM: Java HotSpot(TM) 64-Bit Server VM (25.45-b02 mixed mode windows-amd64 compressed oops)
Heap:
 PSYoungGen      total 135680K, used 83080K [0x00000000eac00000, 0x00000000f8a00000, 0x0000000100000000)
  eden space 128512K, 59% used [0x00000000eac00000,0x00000000ef628a30,0x00000000f2980000)
  from space 7168K, 99% used [0x00000000f2980000,0x00000000f3079810,0x00000000f3080000)
  to   space 10752K, 0% used [0x00000000f7f80000,0x00000000f7f80000,0x00000000f8a00000)
 ParOldGen       total 44032K, used 15407K [0x00000000c0400000, 0x00000000c2f00000, 0x00000000eac00000)
  object space 44032K, 34% used [0x00000000c0400000,0x00000000c130be48,0x00000000c2f00000)
 Metaspace       used 8367K, capacity 8574K, committed 8704K, reserved 1056768K
  class space    used 692K, capacity 735K, committed 768K, reserved 1048576K
GC Heap History (10 events):
Event: 0.872 GC heap before
{Heap before GC invocations=5 (full 0):
 PSYoungGen      total 35328K, used 35316K [0x00000000eac00000, 0x00000000ed100000, 0x0000000100000000)
  eden space 32768K, 100% used [0x00000000eac00000,0x00000000ecc00000,0x00000000ecc00000)
  from space 2560K, 99% used [0x00000000ece80000,0x00000000ed0fd368,0x00000000ed100000)
  to   space 2560K, 0% used [0x00000000ecc00000,0x00000000ecc00000,0x00000000ece80000)
 ParOldGen       total 44032K, used 2996K [0x00000000c0400000, 0x00000000c2f00000, 0x00000000eac00000)
  object space 44032K, 6% used [0x00000000c0400000,0x00000000c06ed0e8,0x00000000c2f00000)
 Metaspace       used 7552K, capacity 8140K, committed 8320K, reserved 1056768K
  class space    used 604K, capacity 628K, committed 640K, reserved 1048576K
Event: 0.880 GC heap after
Heap after GC invocations=5 (full 0):
 PSYoungGen      total 35328K, used 2549K [0x00000000eac00000, 0x00000000ef600000, 0x0000000100000000)
  eden space 32768K, 0% used [0x00000000eac00000,0x00000000eac00000,0x00000000ecc00000)
  from space 2560K, 99% used [0x00000000ecc00000,0x00000000ece7d7d0,0x00000000ece80000)
  to   space 5120K, 0% used [0x00000000ef100000,0x00000000ef100000,0x00000000ef600000)
 ParOldGen       total 44032K, used 5131K [0x00000000c0400000, 0x00000000c2f00000, 0x00000000eac00000)
  object space 44032K, 11% used [0x00000000c0400000,0x00000000c0902da8,0x00000000c2f00000)
 Metaspace       used 7552K, capacity 8140K, committed 8320K, reserved 1056768K
  class space    used 604K, capacity 628K, committed 640K, reserved 1048576K
}
Event: 0.911 GC heap before
{Heap before GC invocations=6 (full 0):
 PSYoungGen      total 35328K, used 35317K [0x00000000eac00000, 0x00000000ef600000, 0x0000000100000000)
  eden space 32768K, 100% used [0x00000000eac00000,0x00000000ecc00000,0x00000000ecc00000)
  from space 2560K, 99% used [0x00000000ecc00000,0x00000000ece7d7d0,0x00000000ece80000)
  to   space 5120K, 0% used [0x00000000ef100000,0x00000000ef100000,0x00000000ef600000)
 ParOldGen       total 44032K, used 5131K [0x00000000c0400000, 0x00000000c2f00000, 0x00000000eac00000)
  object space 44032K, 11% used [0x00000000c0400000,0x00000000c0902da8,0x00000000c2f00000)
 Metaspace       used 7563K, capacity 8140K, committed 8320K, reserved 1056768K
  class space    used 604K, capacity 628K, committed 640K, reserved 1048576K
Event: 0.920 GC heap after
Heap after GC invocations=6 (full 0):
 PSYoungGen      total 70144K, used 5106K [0x00000000eac00000, 0x00000000ef700000, 0x0000000100000000)
  eden space 65024K, 0% used [0x00000000eac00000,0x00000000eac00000,0x00000000eeb80000)
  from space 5120K, 99% used [0x00000000ef100000,0x00000000ef5fc8b0,0x00000000ef600000)
  to   space 5632K, 0% used [0x00000000eeb80000,0x00000000eeb80000,0x00000000ef100000)
 ParOldGen       total 44032K, used 5131K [0x00000000c0400000, 0x00000000c2f00000, 0x00000000eac00000)
  object space 44032K, 11% used [0x00000000c0400000,0x00000000c0902da8,0x00000000c2f00000)
 Metaspace       used 7563K, capacity 8140K, committed 8320K, reserved 1056768K
  class space    used 604K, capacity 628K, committed 640K, reserved 1048576K
}
Event: 1.150 GC heap before
{Heap before GC invocations=7 (full 0):
 PSYoungGen      total 70144K, used 70130K [0x00000000eac00000, 0x00000000ef700000, 0x0000000100000000)
  eden space 65024K, 100% used [0x00000000eac00000,0x00000000eeb80000,0x00000000eeb80000)
  from space 5120K, 99% used [0x00000000ef100000,0x00000000ef5fc8b0,0x00000000ef600000)
  to   space 5632K, 0% used [0x00000000eeb80000,0x00000000eeb80000,0x00000000ef100000)
 ParOldGen       total 44032K, used 5131K [0x00000000c0400000, 0x00000000c2f00000, 0x00000000eac00000)
  object space 44032K, 11% used [0x00000000c0400000,0x00000000c0902da8,0x00000000c2f00000)
 Metaspace       used 8172K, capacity 8366K, committed 8448K, reserved 1056768K
  class space    used 678K, capacity 735K, committed 768K, reserved 1048576K
Event: 1.154 GC heap after
Heap after GC invocations=7 (full 0):
 PSYoungGen      total 70656K, used 4050K [0x00000000eac00000, 0x00000000f3600000, 0x0000000100000000)
  eden space 65024K, 0% used [0x00000000eac00000,0x00000000eac00000,0x00000000eeb80000)
  from space 5632K, 71% used [0x00000000eeb80000,0x00000000eef74970,0x00000000ef100000)
  to   space 5632K, 0% used [0x00000000f3080000,0x00000000f3080000,0x00000000f3600000)
 ParOldGen       total 44032K, used 6319K [0x00000000c0400000, 0x00000000c2f00000, 0x00000000eac00000)
  object space 44032K, 14% used [0x00000000c0400000,0x00000000c0a2be48,0x00000000c2f00000)
 Metaspace       used 8172K, capacity 8366K, committed 8448K, reserved 1056768K
  class space    used 678K, capacity 735K, committed 768K, reserved 1048576K
}
Event: 1.207 GC heap before
{Heap before GC invocations=8 (full 0):
 PSYoungGen      total 70656K, used 69074K [0x00000000eac00000, 0x00000000f3600000, 0x0000000100000000)
  eden space 65024K, 100% used [0x00000000eac00000,0x00000000eeb80000,0x00000000eeb80000)
  from space 5632K, 71% used [0x00000000eeb80000,0x00000000eef74970,0x00000000ef100000)
  to   space 5632K, 0% used [0x00000000f3080000,0x00000000f3080000,0x00000000f3600000)
 ParOldGen       total 44032K, used 6319K [0x00000000c0400000, 0x00000000c2f00000, 0x00000000eac00000)
  object space 44032K, 14% used [0x00000000c0400000,0x00000000c0a2be48,0x00000000c2f00000)
 Metaspace       used 8172K, capacity 8366K, committed 8448K, reserved 1056768K
  class space    used 678K, capacity 735K, committed 768K, reserved 1048576K
Event: 1.214 GC heap after
Heap after GC invocations=8 (full 0):
 PSYoungGen      total 134144K, used 5628K [0x00000000eac00000, 0x00000000f3900000, 0x0000000100000000)
  eden space 128512K, 0% used [0x00000000eac00000,0x00000000eac00000,0x00000000f2980000)
  from space 5632K, 99% used [0x00000000f3080000,0x00000000f35ff060,0x00000000f3600000)
  to   space 7168K, 0% used [0x00000000f2980000,0x00000000f2980000,0x00000000f3080000)
 ParOldGen       total 44032K, used 8487K [0x00000000c0400000, 0x00000000c2f00000, 0x00000000eac00000)
  object space 44032K, 19% used [0x00000000c0400000,0x00000000c0c49e48,0x00000000c2f00000)
 Metaspace       used 8172K, capacity 8366K, committed 8448K, reserved 1056768K
  class space    used 678K, capacity 735K, committed 768K, reserved 1048576K
}
Event: 1.331 GC heap before
{Heap before GC invocations=9 (full 0):
 PSYoungGen      total 134144K, used 134140K [0x00000000eac00000, 0x00000000f3900000, 0x0000000100000000)
  eden space 128512K, 100% used [0x00000000eac00000,0x00000000f2980000,0x00000000f2980000)
  from space 5632K, 99% used [0x00000000f3080000,0x00000000f35ff060,0x00000000f3600000)
  to   space 7168K, 0% used [0x00000000f2980000,0x00000000f2980000,0x00000000f3080000)
 ParOldGen       total 44032K, used 8487K [0x00000000c0400000, 0x00000000c2f00000, 0x00000000eac00000)
  object space 44032K, 19% used [0x00000000c0400000,0x00000000c0c49e48,0x00000000c2f00000)
 Metaspace       used 8172K, capacity 8366K, committed 8448K, reserved 1056768K
  class space    used 678K, capacity 735K, committed 768K, reserved 1048576K
Event: 1.348 GC heap after
Heap after GC invocations=9 (full 0):
 PSYoungGen      total 135680K, used 7142K [0x00000000eac00000, 0x00000000f8a00000, 0x0000000100000000)
  eden space 128512K, 0% used [0x00000000eac00000,0x00000000eac00000,0x00000000f2980000)
  from space 7168K, 99% used [0x00000000f2980000,0x00000000f3079810,0x00000000f3080000)
  to   space 10752K, 0% used [0x00000000f7f80000,0x00000000f7f80000,0x00000000f8a00000)
 ParOldGen       total 44032K, used 15407K [0x00000000c0400000, 0x00000000c2f00000, 0x00000000eac00000)
  object space 44032K, 34% used [0x00000000c0400000,0x00000000c130be48,0x00000000c2f00000)
 Metaspace       used 8172K, capacity 8366K, committed 8448K, reserved 1056768K
  class space    used 678K, capacity 735K, committed 768K, reserved 1048576K
}

